<?xml version="1.0" encoding="UTF-8"?>
<!-- Generated by org.testng.reporters.JUnitReportReporter -->
<testsuite hostname="DESKTOP-BVQ58V9" failures="0" tests="1" name="qaclickacademy.Mavenjava.AppTest" time="0.009" errors="0" timestamp="2020-06-03T15:54:44 IST" skipped="0">
  <testcase classname="qaclickacademy.Mavenjava.AppTest" name="shouldAnswerWithTrue" time="0.009"/>
  <system-out/>
</testsuite> <!-- qaclickacademy.Mavenjava.AppTest -->
