<?xml version="1.0" encoding="UTF-8"?>
<!-- Generated by org.testng.reporters.JUnitReportReporter -->
<testsuite hostname="DESKTOP-BVQ58V9" failures="0" tests="2" name="qaclickacademy.Mavenjava.RESTAPITest" time="0.004" errors="0" timestamp="2020-06-03T16:48:54 IST" skipped="0">
  <testcase classname="qaclickacademy.Mavenjava.RESTAPITest" name="postJira" time="0.000"/>
  <system-out/>
  <testcase classname="qaclickacademy.Mavenjava.RESTAPITest" name="deleteTwitter" time="0.004"/>
  <system-out/>
</testsuite> <!-- qaclickacademy.Mavenjava.RESTAPITest -->
